#
# There is insufficient memory for the Java Runtime Environment to continue.
# Native memory allocation (malloc) failed to allocate 32744 bytes for Chunk::new
# Possible reasons:
#   The system is out of physical RAM or swap space
#   The process is running with CompressedOops enabled, and the Java Heap may be blocking the growth of the native heap
# Possible solutions:
#   Reduce memory load on the system
#   Increase physical memory or swap space
#   Check if swap backing store is full
#   Decrease Java heap size (-Xmx/-Xms)
#   Decrease number of Java threads
#   Decrease Java thread stack sizes (-Xss)
#   Set larger code cache with -XX:ReservedCodeCacheSize=
#   JVM is running with Unscaled Compressed Oops mode in which the Java heap is
#     placed in the first 4GB address space. The Java Heap base address is the
#     maximum limit for the native heap growth. Please use -XX:HeapBaseMinAddress
#     to set the Java Heap base and to place the Java Heap above 4GB virtual address.
# This output file may be truncated or incomplete.
#
#  Out of Memory Error (arena.cpp:184), pid=5436, tid=17524
#
# JRE version: Java(TM) SE Runtime Environment (20.0.1+9) (build 20.0.1+9-29)
# Java VM: Java HotSpot(TM) 64-Bit Server VM (20.0.1+9-29, mixed mode, sharing, tiered, compressed oops, compressed class ptrs, g1 gc, windows-amd64)
# No core dump will be written. Minidumps are not enabled by default on client versions of Windows
#

---------------  S U M M A R Y ------------

Command Line: -javaagent:C:\Users\BENTIL\Downloads\Intellij\lib\idea_rt.jar=55367:C:\Users\BENTIL\Downloads\Intellij\bin -Dfile.encoding=UTF-8 -Dsun.stdout.encoding=UTF-8 -Dsun.stderr.encoding=UTF-8 com.StudentMSystem.StudentMSystemApplication

Host: Intel(R) Core(TM) i5-7200U CPU @ 2.50GHz, 4 cores, 7G,  Windows 11 , 64 bit Build 22000 (10.0.22000.2538)
Time: Thu Mar  7 19:49:27 2024 Coordinated Universal Time elapsed time: 0.473021 seconds (0d 0h 0m 0s)

---------------  T H R E A D  ---------------

Current thread (0x0000022372b4f850):  JavaThread "C2 CompilerThread0" daemon [_thread_in_native, id=17524, stack(0x00000044f5b00000,0x00000044f5c00000)]


Current CompileTask:
C2:    473  221       4       java.util.HashMap::putVal (300 bytes)

Stack: [0x00000044f5b00000,0x00000044f5c00000]
Native frames: (J=compiled Java code, j=interpreted, Vv=VM code, C=native code)
V  [jvm.dll+0x6bb95a]
V  [jvm.dll+0x8485fa]
V  [jvm.dll+0x84a1f5]
V  [jvm.dll+0x84a8f3]
V  [jvm.dll+0x280b0f]
V  [jvm.dll+0xc2b11]
V  [jvm.dll+0xc2e35]
V  [jvm.dll+0x5c377b]
V  [jvm.dll+0x385824]
V  [jvm.dll+0x384c6a]
V  [jvm.dll+0x24b259]
V  [jvm.dll+0x24a651]
V  [jvm.dll+0x1ce491]
V  [jvm.dll+0x259e1b]
V  [jvm.dll+0x2584f0]
V  [jvm.dll+0x3f2895]
V  [jvm.dll+0x7f4b56]
V  [jvm.dll+0x6ba5cb]
C  [ucrtbase.dll+0x26c0c]
C  [KERNEL32.DLL+0x153e0]
C  [ntdll.dll+0x485b]


---------------  P R O C E S S  ---------------

Threads class SMR info:
_java_thread_list=0x0000022376d4ec90, length=10, elements={
0x0000022356a36780, 0x0000022372b473b0, 0x0000022372b4b270, 0x0000022372b4c010,
0x0000022372b4d960, 0x0000022372b4e2a0, 0x0000022372b4ebe0, 0x0000022372b4f850,
0x0000022376d10540, 0x0000022376dbc2c0
}

Java Threads: ( => current thread )
  0x0000022356a36780 JavaThread "main" [_thread_in_vm, id=13968, stack(0x00000044f4e00000,0x00000044f4f00000)]
  0x0000022372b473b0 JavaThread "Reference Handler" daemon [_thread_blocked, id=14428, stack(0x00000044f5500000,0x00000044f5600000)]
  0x0000022372b4b270 JavaThread "Finalizer" daemon [_thread_blocked, id=9768, stack(0x00000044f5600000,0x00000044f5700000)]
  0x0000022372b4c010 JavaThread "Signal Dispatcher" daemon [_thread_blocked, id=8416, stack(0x00000044f5700000,0x00000044f5800000)]
  0x0000022372b4d960 JavaThread "Attach Listener" daemon [_thread_blocked, id=7460, stack(0x00000044f5800000,0x00000044f5900000)]
  0x0000022372b4e2a0 JavaThread "Service Thread" daemon [_thread_blocked, id=7176, stack(0x00000044f5900000,0x00000044f5a00000)]
  0x0000022372b4ebe0 JavaThread "Monitor Deflation Thread" daemon [_thread_blocked, id=13432, stack(0x00000044f5a00000,0x00000044f5b00000)]
=>0x0000022372b4f850 JavaThread "C2 CompilerThread0" daemon [_thread_in_native, id=17524, stack(0x00000044f5b00000,0x00000044f5c00000)]
  0x0000022376d10540 JavaThread "C1 CompilerThread0" daemon [_thread_in_native, id=17696, stack(0x00000044f5c00000,0x00000044f5d00000)]
  0x0000022376dbc2c0 JavaThread "Common-Cleaner" daemon [_thread_blocked, id=17428, stack(0x00000044f5d00000,0x00000044f5e00000)]

Other Threads:
  0x0000022372b2c3f0 VMThread "VM Thread" [stack: 0x00000044f5400000,0x00000044f5500000] [id=18020]
  0x0000022356a96b90 WorkerThread "GC Thread#0" [stack: 0x00000044f4f00000,0x00000044f5000000] [id=15824]
  0x0000022356aa7720 ConcurrentGCThread "G1 Main Marker" [stack: 0x00000044f5000000,0x00000044f5100000] [id=17552]
  0x0000022356aa82f0 WorkerThread "G1 Conc#0" [stack: 0x00000044f5100000,0x00000044f5200000] [id=8132]
  0x00000223729d90f0 ConcurrentGCThread "G1 Refine#0" [stack: 0x00000044f5200000,0x00000044f5300000] [id=7028]
  0x00000223729d9b40 ConcurrentGCThread "G1 Service" [stack: 0x00000044f5300000,0x00000044f5400000] [id=16972]

Threads with active compile tasks:
C2 CompilerThread0      515  221       4       java.util.HashMap::putVal (300 bytes)
C1 CompilerThread0      515  240   !   3       java.lang.String::<init> (893 bytes)

VM state: not at safepoint (normal execution)

VM Mutex/Monitor currently owned by a thread: None

OutOfMemory and StackOverflow Exception counts:
OutOfMemoryError java_heap_errors=1

Heap address: 0x0000000081c00000, size: 2020 MB, Compressed Oops mode: 32-bit

CDS archive(s) mapped at: [0x0000000800000000-0x0000000800c60000-0x0000000800c60000), size 12976128, SharedBaseAddress: 0x0000000800000000, ArchiveRelocationMode: 0.
Compressed class space mapped at: 0x0000000801000000-0x0000000841000000, reserved size: 1073741824
Narrow klass base: 0x0000000800000000, Narrow klass shift: 0, Narrow klass range: 0x100000000

GC Precious Log:
 CardTable entry size: 512
 Card Set container configuration: InlinePtr #cards 5 size 8 Array Of Cards #cards 12 size 40 Howl #buckets 4 coarsen threshold 1843 Howl Bitmap #cards 512 size 80 coarsen threshold 460 Card regions per heap region 1 cards per card region 2048
 CPUs: 4 total, 4 available
 Memory: 8077M
 Large Page Support: Disabled
 NUMA Support: Disabled
 Compressed Oops: Enabled (32-bit)
 Heap Region Size: 1M
 Heap Min Capacity: 8M
 Heap Initial Capacity: 128M
 Heap Max Capacity: 2020M
 Pre-touch: Disabled
 Parallel Workers: 4
 Concurrent Workers: 1
 Concurrent Refinement Workers: 4
 Periodic GC: Disabled

Heap:
 garbage-first heap   total 131072K, used 3072K [0x0000000081c00000, 0x0000000100000000)
  region size 1024K, 4 young (4096K), 0 survivors (0K)
 Metaspace       used 329K, committed 512K, reserved 1114112K
  class space    used 13K, committed 128K, reserved 1048576K

Heap Regions: E=young(eden), S=young(survivor), O=old, HS=humongous(starts), HC=humongous(continues), CS=collection set, F=free, OA=open archive, CA=closed archive, TAMS=top-at-mark-start, PB=parsable bottom
|   0|0x0000000081c00000, 0x0000000081c00000, 0x0000000081d00000|  0%| F|  |TAMS 0x0000000081c00000| PB 0x0000000081c00000| Untracked 
|   1|0x0000000081d00000, 0x0000000081d00000, 0x0000000081e00000|  0%| F|  |TAMS 0x0000000081d00000| PB 0x0000000081d00000| Untracked 
|   2|0x0000000081e00000, 0x0000000081e00000, 0x0000000081f00000|  0%| F|  |TAMS 0x0000000081e00000| PB 0x0000000081e00000| Untracked 
|   3|0x0000000081f00000, 0x0000000081f00000, 0x0000000082000000|  0%| F|  |TAMS 0x0000000081f00000| PB 0x0000000081f00000| Untracked 
|   4|0x0000000082000000, 0x0000000082000000, 0x0000000082100000|  0%| F|  |TAMS 0x0000000082000000| PB 0x0000000082000000| Untracked 
|   5|0x0000000082100000, 0x0000000082100000, 0x0000000082200000|  0%| F|  |TAMS 0x0000000082100000| PB 0x0000000082100000| Untracked 
|   6|0x0000000082200000, 0x0000000082200000, 0x0000000082300000|  0%| F|  |TAMS 0x0000000082200000| PB 0x0000000082200000| Untracked 
|   7|0x0000000082300000, 0x0000000082300000, 0x0000000082400000|  0%| F|  |TAMS 0x0000000082300000| PB 0x0000000082300000| Untracked 
|   8|0x0000000082400000, 0x0000000082400000, 0x0000000082500000|  0%| F|  |TAMS 0x0000000082400000| PB 0x0000000082400000| Untracked 
|   9|0x0000000082500000, 0x0000000082500000, 0x0000000082600000|  0%| F|  |TAMS 0x0000000082500000| PB 0x0000000082500000| Untracked 
|  10|0x0000000082600000, 0x0000000082600000, 0x0000000082700000|  0%| F|  |TAMS 0x0000000082600000| PB 0x0000000082600000| Untracked 
|  11|0x0000000082700000, 0x0000000082700000, 0x0000000082800000|  0%| F|  |TAMS 0x0000000082700000| PB 0x0000000082700000| Untracked 
|  12|0x0000000082800000, 0x0000000082800000, 0x0000000082900000|  0%| F|  |TAMS 0x0000000082800000| PB 0x0000000082800000| Untracked 
|  13|0x0000000082900000, 0x0000000082900000, 0x0000000082a00000|  0%| F|  |TAMS 0x0000000082900000| PB 0x0000000082900000| Untracked 
|  14|0x0000000082a00000, 0x0000000082a00000, 0x0000000082b00000|  0%| F|  |TAMS 0x0000000082a00000| PB 0x0000000082a00000| Untracked 
|  15|0x0000000082b00000, 0x0000000082b00000, 0x0000000082c00000|  0%| F|  |TAMS 0x0000000082b00000| PB 0x0000000082b00000| Untracked 
|  16|0x0000000082c00000, 0x0000000082c00000, 0x0000000082d00000|  0%| F|  |TAMS 0x0000000082c00000| PB 0x0000000082c00000| Untracked 
|  17|0x0000000082d00000, 0x0000000082d00000, 0x0000000082e00000|  0%| F|  |TAMS 0x0000000082d00000| PB 0x0000000082d00000| Untracked 
|  18|0x0000000082e00000, 0x0000000082e00000, 0x0000000082f00000|  0%| F|  |TAMS 0x0000000082e00000| PB 0x0000000082e00000| Untracked 
|  19|0x0000000082f00000, 0x0000000082f00000, 0x0000000083000000|  0%| F|  |TAMS 0x0000000082f00000| PB 0x0000000082f00000| Untracked 
|  20|0x0000000083000000, 0x0000000083000000, 0x0000000083100000|  0%| F|  |TAMS 0x0000000083000000| PB 0x0000000083000000| Untracked 
|  21|0x0000000083100000, 0x0000000083100000, 0x0000000083200000|  0%| F|  |TAMS 0x0000000083100000| PB 0x0000000083100000| Untracked 
|  22|0x0000000083200000, 0x0000000083200000, 0x0000000083300000|  0%| F|  |TAMS 0x0000000083200000| PB 0x0000000083200000| Untracked 
|  23|0x0000000083300000, 0x0000000083300000, 0x0000000083400000|  0%| F|  |TAMS 0x0000000083300000| PB 0x0000000083300000| Untracked 
|  24|0x0000000083400000, 0x0000000083400000, 0x0000000083500000|  0%| F|  |TAMS 0x0000000083400000| PB 0x0000000083400000| Untracked 
|  25|0x0000000083500000, 0x0000000083500000, 0x0000000083600000|  0%| F|  |TAMS 0x0000000083500000| PB 0x0000000083500000| Untracked 
|  26|0x0000000083600000, 0x0000000083600000, 0x0000000083700000|  0%| F|  |TAMS 0x0000000083600000| PB 0x0000000083600000| Untracked 
|  27|0x0000000083700000, 0x0000000083700000, 0x0000000083800000|  0%| F|  |TAMS 0x0000000083700000| PB 0x0000000083700000| Untracked 
|  28|0x0000000083800000, 0x0000000083800000, 0x0000000083900000|  0%| F|  |TAMS 0x0000000083800000| PB 0x0000000083800000| Untracked 
|  29|0x0000000083900000, 0x0000000083900000, 0x0000000083a00000|  0%| F|  |TAMS 0x0000000083900000| PB 0x0000000083900000| Untracked 
|  30|0x0000000083a00000, 0x0000000083a00000, 0x0000000083b00000|  0%| F|  |TAMS 0x0000000083a00000| PB 0x0000000083a00000| Untracked 
|  31|0x0000000083b00000, 0x0000000083b00000, 0x0000000083c00000|  0%| F|  |TAMS 0x0000000083b00000| PB 0x0000000083b00000| Untracked 
|  32|0x0000000083c00000, 0x0000000083c00000, 0x0000000083d00000|  0%| F|  |TAMS 0x0000000083c00000| PB 0x0000000083c00000| Untracked 
|  33|0x0000000083d00000, 0x0000000083d00000, 0x0000000083e00000|  0%| F|  |TAMS 0x0000000083d00000| PB 0x0000000083d00000| Untracked 
|  34|0x0000000083e00000, 0x0000000083e00000, 0x0000000083f00000|  0%| F|  |TAMS 0x0000000083e00000| PB 0x0000000083e00000| Untracked 
|  35|0x0000000083f00000, 0x0000000083f00000, 0x0000000084000000|  0%| F|  |TAMS 0x0000000083f00000| PB 0x0000000083f00000| Untracked 
|  36|0x0000000084000000, 0x0000000084000000, 0x0000000084100000|  0%| F|  |TAMS 0x0000000084000000| PB 0x0000000084000000| Untracked 
|  37|0x0000000084100000, 0x0000000084100000, 0x0000000084200000|  0%| F|  |TAMS 0x0000000084100000| PB 0x0000000084100000| Untracked 
|  38|0x0000000084200000, 0x0000000084200000, 0x0000000084300000|  0%| F|  |TAMS 0x0000000084200000| PB 0x0000000084200000| Untracked 
|  39|0x0000000084300000, 0x0000000084300000, 0x0000000084400000|  0%| F|  |TAMS 0x0000000084300000| PB 0x0000000084300000| Untracked 
|  40|0x0000000084400000, 0x0000000084400000, 0x0000000084500000|  0%| F|  |TAMS 0x0000000084400000| PB 0x0000000084400000| Untracked 
|  41|0x0000000084500000, 0x0000000084500000, 0x0000000084600000|  0%| F|  |TAMS 0x0000000084500000| PB 0x0000000084500000| Untracked 
|  42|0x0000000084600000, 0x0000000084600000, 0x0000000084700000|  0%| F|  |TAMS 0x0000000084600000| PB 0x0000000084600000| Untracked 
|  43|0x0000000084700000, 0x0000000084700000, 0x0000000084800000|  0%| F|  |TAMS 0x0000000084700000| PB 0x0000000084700000| Untracked 
|  44|0x0000000084800000, 0x0000000084800000, 0x0000000084900000|  0%| F|  |TAMS 0x0000000084800000| PB 0x0000000084800000| Untracked 
|  45|0x0000000084900000, 0x0000000084900000, 0x0000000084a00000|  0%| F|  |TAMS 0x0000000084900000| PB 0x0000000084900000| Untracked 
|  46|0x0000000084a00000, 0x0000000084a00000, 0x0000000084b00000|  0%| F|  |TAMS 0x0000000084a00000| PB 0x0000000084a00000| Untracked 
|  47|0x0000000084b00000, 0x0000000084b00000, 0x0000000084c00000|  0%| F|  |TAMS 0x0000000084b00000| PB 0x0000000084b00000| Untracked 
|  48|0x0000000084c00000, 0x0000000084c00000, 0x0000000084d00000|  0%| F|  |TAMS 0x0000000084c00000| PB 0x0000000084c00000| Untracked 
|  49|0x0000000084d00000, 0x0000000084d00000, 0x0000000084e00000|  0%| F|  |TAMS 0x0000000084d00000| PB 0x0000000084d00000| Untracked 
|  50|0x0000000084e00000, 0x0000000084e00000, 0x0000000084f00000|  0%| F|  |TAMS 0x0000000084e00000| PB 0x0000000084e00000| Untracked 
|  51|0x0000000084f00000, 0x0000000084f00000, 0x0000000085000000|  0%| F|  |TAMS 0x0000000084f00000| PB 0x0000000084f00000| Untracked 
|  52|0x0000000085000000, 0x0000000085000000, 0x0000000085100000|  0%| F|  |TAMS 0x0000000085000000| PB 0x0000000085000000| Untracked 
|  53|0x0000000085100000, 0x0000000085100000, 0x0000000085200000|  0%| F|  |TAMS 0x0000000085100000| PB 0x0000000085100000| Untracked 
|  54|0x0000000085200000, 0x0000000085200000, 0x0000000085300000|  0%| F|  |TAMS 0x0000000085200000| PB 0x0000000085200000| Untracked 
|  55|0x0000000085300000, 0x0000000085300000, 0x0000000085400000|  0%| F|  |TAMS 0x0000000085300000| PB 0x0000000085300000| Untracked 
|  56|0x0000000085400000, 0x0000000085400000, 0x0000000085500000|  0%| F|  |TAMS 0x0000000085400000| PB 0x0000000085400000| Untracked 
|  57|0x0000000085500000, 0x0000000085500000, 0x0000000085600000|  0%| F|  |TAMS 0x0000000085500000| PB 0x0000000085500000| Untracked 
|  58|0x0000000085600000, 0x0000000085600000, 0x0000000085700000|  0%| F|  |TAMS 0x0000000085600000| PB 0x0000000085600000| Untracked 
|  59|0x0000000085700000, 0x0000000085700000, 0x0000000085800000|  0%| F|  |TAMS 0x0000000085700000| PB 0x0000000085700000| Untracked 
|  60|0x0000000085800000, 0x0000000085800000, 0x0000000085900000|  0%| F|  |TAMS 0x0000000085800000| PB 0x0000000085800000| Untracked 
|  61|0x0000000085900000, 0x0000000085900000, 0x0000000085a00000|  0%| F|  |TAMS 0x0000000085900000| PB 0x0000000085900000| Untracked 
|  62|0x0000000085a00000, 0x0000000085a00000, 0x0000000085b00000|  0%| F|  |TAMS 0x0000000085a00000| PB 0x0000000085a00000| Untracked 
|  63|0x0000000085b00000, 0x0000000085b00000, 0x0000000085c00000|  0%| F|  |TAMS 0x0000000085b00000| PB 0x0000000085b00000| Untracked 
|  64|0x0000000085c00000, 0x0000000085c00000, 0x0000000085d00000|  0%| F|  |TAMS 0x0000000085c00000| PB 0x0000000085c00000| Untracked 
|  65|0x0000000085d00000, 0x0000000085d00000, 0x0000000085e00000|  0%| F|  |TAMS 0x0000000085d00000| PB 0x0000000085d00000| Untracked 
|  66|0x0000000085e00000, 0x0000000085e00000, 0x0000000085f00000|  0%| F|  |TAMS 0x0000000085e00000| PB 0x0000000085e00000| Untracked 
|  67|0x0000000085f00000, 0x0000000085f00000, 0x0000000086000000|  0%| F|  |TAMS 0x0000000085f00000| PB 0x0000000085f00000| Untracked 
|  68|0x0000000086000000, 0x0000000086000000, 0x0000000086100000|  0%| F|  |TAMS 0x0000000086000000| PB 0x0000000086000000| Untracked 
|  69|0x0000000086100000, 0x0000000086100000, 0x0000000086200000|  0%| F|  |TAMS 0x0000000086100000| PB 0x0000000086100000| Untracked 
|  70|0x0000000086200000, 0x0000000086200000, 0x0000000086300000|  0%| F|  |TAMS 0x0000000086200000| PB 0x0000000086200000| Untracked 
|  71|0x0000000086300000, 0x0000000086300000, 0x0000000086400000|  0%| F|  |TAMS 0x0000000086300000| PB 0x0000000086300000| Untracked 
|  72|0x0000000086400000, 0x0000000086400000, 0x0000000086500000|  0%| F|  |TAMS 0x0000000086400000| PB 0x0000000086400000| Untracked 
|  73|0x0000000086500000, 0x0000000086500000, 0x0000000086600000|  0%| F|  |TAMS 0x0000000086500000| PB 0x0000000086500000| Untracked 
|  74|0x0000000086600000, 0x0000000086600000, 0x0000000086700000|  0%| F|  |TAMS 0x0000000086600000| PB 0x0000000086600000| Untracked 
|  75|0x0000000086700000, 0x0000000086700000, 0x0000000086800000|  0%| F|  |TAMS 0x0000000086700000| PB 0x0000000086700000| Untracked 
|  76|0x0000000086800000, 0x0000000086800000, 0x0000000086900000|  0%| F|  |TAMS 0x0000000086800000| PB 0x0000000086800000| Untracked 
|  77|0x0000000086900000, 0x0000000086900000, 0x0000000086a00000|  0%| F|  |TAMS 0x0000000086900000| PB 0x0000000086900000| Untracked 
|  78|0x0000000086a00000, 0x0000000086a00000, 0x0000000086b00000|  0%| F|  |TAMS 0x0000000086a00000| PB 0x0000000086a00000| Untracked 
|  79|0x0000000086b00000, 0x0000000086b00000, 0x0000000086c00000|  0%| F|  |TAMS 0x0000000086b00000| PB 0x0000000086b00000| Untracked 
|  80|0x0000000086c00000, 0x0000000086c00000, 0x0000000086d00000|  0%| F|  |TAMS 0x0000000086c00000| PB 0x0000000086c00000| Untracked 
|  81|0x0000000086d00000, 0x0000000086d00000, 0x0000000086e00000|  0%| F|  |TAMS 0x0000000086d00000| PB 0x0000000086d00000| Untracked 
|  82|0x0000000086e00000, 0x0000000086e00000, 0x0000000086f00000|  0%| F|  |TAMS 0x0000000086e00000| PB 0x0000000086e00000| Untracked 
|  83|0x0000000086f00000, 0x0000000086f00000, 0x0000000087000000|  0%| F|  |TAMS 0x0000000086f00000| PB 0x0000000086f00000| Untracked 
|  84|0x0000000087000000, 0x0000000087000000, 0x0000000087100000|  0%| F|  |TAMS 0x0000000087000000| PB 0x0000000087000000| Untracked 
|  85|0x0000000087100000, 0x0000000087100000, 0x0000000087200000|  0%| F|  |TAMS 0x0000000087100000| PB 0x0000000087100000| Untracked 
|  86|0x0000000087200000, 0x0000000087200000, 0x0000000087300000|  0%| F|  |TAMS 0x0000000087200000| PB 0x0000000087200000| Untracked 
|  87|0x0000000087300000, 0x0000000087300000, 0x0000000087400000|  0%| F|  |TAMS 0x0000000087300000| PB 0x0000000087300000| Untracked 
|  88|0x0000000087400000, 0x0000000087400000, 0x0000000087500000|  0%| F|  |TAMS 0x0000000087400000| PB 0x0000000087400000| Untracked 
|  89|0x0000000087500000, 0x0000000087500000, 0x0000000087600000|  0%| F|  |TAMS 0x0000000087500000| PB 0x0000000087500000| Untracked 
|  90|0x0000000087600000, 0x0000000087600000, 0x0000000087700000|  0%| F|  |TAMS 0x0000000087600000| PB 0x0000000087600000| Untracked 
|  91|0x0000000087700000, 0x0000000087700000, 0x0000000087800000|  0%| F|  |TAMS 0x0000000087700000| PB 0x0000000087700000| Untracked 
|  92|0x0000000087800000, 0x0000000087800000, 0x0000000087900000|  0%| F|  |TAMS 0x0000000087800000| PB 0x0000000087800000| Untracked 
|  93|0x0000000087900000, 0x0000000087900000, 0x0000000087a00000|  0%| F|  |TAMS 0x0000000087900000| PB 0x0000000087900000| Untracked 
|  94|0x0000000087a00000, 0x0000000087a00000, 0x0000000087b00000|  0%| F|  |TAMS 0x0000000087a00000| PB 0x0000000087a00000| Untracked 
|  95|0x0000000087b00000, 0x0000000087b00000, 0x0000000087c00000|  0%| F|  |TAMS 0x0000000087b00000| PB 0x0000000087b00000| Untracked 
|  96|0x0000000087c00000, 0x0000000087c00000, 0x0000000087d00000|  0%| F|  |TAMS 0x0000000087c00000| PB 0x0000000087c00000| Untracked 
|  97|0x0000000087d00000, 0x0000000087d00000, 0x0000000087e00000|  0%| F|  |TAMS 0x0000000087d00000| PB 0x0000000087d00000| Untracked 
|  98|0x0000000087e00000, 0x0000000087e00000, 0x0000000087f00000|  0%| F|  |TAMS 0x0000000087e00000| PB 0x0000000087e00000| Untracked 
|  99|0x0000000087f00000, 0x0000000087f00000, 0x0000000088000000|  0%| F|  |TAMS 0x0000000087f00000| PB 0x0000000087f00000| Untracked 
| 100|0x0000000088000000, 0x0000000088000000, 0x0000000088100000|  0%| F|  |TAMS 0x0000000088000000| PB 0x0000000088000000| Untracked 
| 101|0x0000000088100000, 0x0000000088100000, 0x0000000088200000|  0%| F|  |TAMS 0x0000000088100000| PB 0x0000000088100000| Untracked 
| 102|0x0000000088200000, 0x0000000088200000, 0x0000000088300000|  0%| F|  |TAMS 0x0000000088200000| PB 0x0000000088200000| Untracked 
| 103|0x0000000088300000, 0x0000000088300000, 0x0000000088400000|  0%| F|  |TAMS 0x0000000088300000| PB 0x0000000088300000| Untracked 
| 104|0x0000000088400000, 0x0000000088400000, 0x0000000088500000|  0%| F|  |TAMS 0x0000000088400000| PB 0x0000000088400000| Untracked 
| 105|0x0000000088500000, 0x0000000088500000, 0x0000000088600000|  0%| F|  |TAMS 0x0000000088500000| PB 0x0000000088500000| Untracked 
| 106|0x0000000088600000, 0x0000000088600000, 0x0000000088700000|  0%| F|  |TAMS 0x0000000088600000| PB 0x0000000088600000| Untracked 
| 107|0x0000000088700000, 0x0000000088700000, 0x0000000088800000|  0%| F|  |TAMS 0x0000000088700000| PB 0x0000000088700000| Untracked 
| 108|0x0000000088800000, 0x0000000088800000, 0x0000000088900000|  0%| F|  |TAMS 0x0000000088800000| PB 0x0000000088800000| Untracked 
| 109|0x0000000088900000, 0x0000000088900000, 0x0000000088a00000|  0%| F|  |TAMS 0x0000000088900000| PB 0x0000000088900000| Untracked 
| 110|0x0000000088a00000, 0x0000000088a00000, 0x0000000088b00000|  0%| F|  |TAMS 0x0000000088a00000| PB 0x0000000088a00000| Untracked 
| 111|0x0000000088b00000, 0x0000000088b00000, 0x0000000088c00000|  0%| F|  |TAMS 0x0000000088b00000| PB 0x0000000088b00000| Untracked 
| 112|0x0000000088c00000, 0x0000000088c00000, 0x0000000088d00000|  0%| F|  |TAMS 0x0000000088c00000| PB 0x0000000088c00000| Untracked 
| 113|0x0000000088d00000, 0x0000000088d00000, 0x0000000088e00000|  0%| F|  |TAMS 0x0000000088d00000| PB 0x0000000088d00000| Untracked 
| 114|0x0000000088e00000, 0x0000000088e00000, 0x0000000088f00000|  0%| F|  |TAMS 0x0000000088e00000| PB 0x0000000088e00000| Untracked 
| 115|0x0000000088f00000, 0x0000000088f00000, 0x0000000089000000|  0%| F|  |TAMS 0x0000000088f00000| PB 0x0000000088f00000| Untracked 
| 116|0x0000000089000000, 0x0000000089000000, 0x0000000089100000|  0%| F|  |TAMS 0x0000000089000000| PB 0x0000000089000000| Untracked 
| 117|0x0000000089100000, 0x0000000089100000, 0x0000000089200000|  0%| F|  |TAMS 0x0000000089100000| PB 0x0000000089100000| Untracked 
| 118|0x0000000089200000, 0x0000000089200000, 0x0000000089300000|  0%| F|  |TAMS 0x0000000089200000| PB 0x0000000089200000| Untracked 
| 119|0x0000000089300000, 0x0000000089300000, 0x0000000089400000|  0%| F|  |TAMS 0x0000000089300000| PB 0x0000000089300000| Untracked 
| 120|0x0000000089400000, 0x0000000089400000, 0x0000000089500000|  0%| F|  |TAMS 0x0000000089400000| PB 0x0000000089400000| Untracked 
| 121|0x0000000089500000, 0x0000000089500000, 0x0000000089600000|  0%| F|  |TAMS 0x0000000089500000| PB 0x0000000089500000| Untracked 
| 122|0x0000000089600000, 0x0000000089600000, 0x0000000089700000|  0%| F|  |TAMS 0x0000000089600000| PB 0x0000000089600000| Untracked 
| 123|0x0000000089700000, 0x0000000089700000, 0x0000000089800000|  0%| F|  |TAMS 0x0000000089700000| PB 0x0000000089700000| Untracked 
| 124|0x0000000089800000, 0x00000000898ef260, 0x0000000089900000| 93%| E|  |TAMS 0x0000000089800000| PB 0x0000000089800000| Complete 
| 125|0x0000000089900000, 0x0000000089a00000, 0x0000000089a00000|100%| E|CS|TAMS 0x0000000089900000| PB 0x0000000089900000| Complete 
| 126|0x0000000089a00000, 0x0000000089b00000, 0x0000000089b00000|100%| E|CS|TAMS 0x0000000089a00000| PB 0x0000000089a00000| Complete 
| 127|0x0000000089b00000, 0x0000000089c00000, 0x0000000089c00000|100%| E|CS|TAMS 0x0000000089b00000| PB 0x0000000089b00000| Complete 

Card table byte_map: [0x000002236def0000,0x000002236e2f0000] _byte_map_base: 0x000002236dae2000

Marking Bits: (CMBitMap*) 0x0000022356a971c0
 Bits: [0x000002236e6f0000, 0x0000022370680000)

Polling page: 0x0000022356200000

Metaspace:

Usage:
  Non-class:    315.59 KB used.
      Class:     13.60 KB used.
       Both:    329.20 KB used.

Virtual space:
  Non-class space:       64.00 MB reserved,     384.00 KB ( <1%) committed,  1 nodes.
      Class space:        1.00 GB reserved,     128.00 KB ( <1%) committed,  1 nodes.
             Both:        1.06 GB reserved,     512.00 KB ( <1%) committed. 

Chunk freelists:
   Non-Class:  4.00 MB
       Class:  3.75 MB
        Both:  7.74 MB

MaxMetaspaceSize: unlimited
CompressedClassSpaceSize: 1.00 GB
Initial GC threshold: 21.00 MB
Current GC threshold: 21.00 MB
CDS: on
MetaspaceReclaimPolicy: balanced
 - commit_granule_bytes: 65536.
 - commit_granule_words: 8192.
 - virtual_space_node_default_size: 8388608.
 - enlarge_chunks_in_place: 1.
 - new_chunks_are_fully_committed: 0.
 - uncommit_free_chunks: 1.
 - use_allocation_guard: 0.


Internal statistics:

num_allocs_failed_limit: 0.
num_arena_births: 6.
num_arena_deaths: 0.
num_vsnodes_births: 2.
num_vsnodes_deaths: 0.
num_space_committed: 8.
num_space_uncommitted: 0.
num_chunks_returned_to_freelist: 0.
num_chunks_taken_from_freelist: 7.
num_chunk_merges: 0.
num_chunk_splits: 4.
num_chunks_enlarged: 2.
num_inconsistent_stats: 0.

CodeHeap 'non-profiled nmethods': size=120000Kb used=73Kb max_used=73Kb free=119926Kb
 bounds [0x00000223665c0000, 0x0000022366830000, 0x000002236daf0000]
CodeHeap 'profiled nmethods': size=120000Kb used=252Kb max_used=252Kb free=119747Kb
 bounds [0x000002235eaf0000, 0x000002235ed60000, 0x0000022366020000]
CodeHeap 'non-nmethods': size=5760Kb used=1329Kb max_used=1344Kb free=4430Kb
 bounds [0x0000022366020000, 0x0000022366290000, 0x00000223665c0000]
 total_blobs=621 nmethods=235 adapters=297
 compilation: enabled
              stopped_count=0, restarted_count=0
 full_count=0

Compilation events (20 events):
Event: 0.464 Thread 0x0000022376d10540 nmethod 230 0x00000223665d1e10 code [0x00000223665d1f80, 0x00000223665d2048]
Event: 0.465 Thread 0x0000022376d10540  231       1       java.net.URL::getRef (5 bytes)
Event: 0.465 Thread 0x0000022376d10540 nmethod 231 0x00000223665d2110 code [0x00000223665d2280, 0x00000223665d2348]
Event: 0.466 Thread 0x0000022376d10540  232       3       java.lang.StringBuilder::append (10 bytes)
Event: 0.466 Thread 0x0000022376d10540 nmethod 232 0x000002235eb2c290 code [0x000002235eb2c420, 0x000002235eb2c568]
Event: 0.466 Thread 0x0000022376d10540  233       3       java.lang.AbstractStringBuilder::append (67 bytes)
Event: 0.466 Thread 0x0000022376d10540 nmethod 233 0x000002235eb2c610 code [0x000002235eb2c800, 0x000002235eb2ce90]
Event: 0.466 Thread 0x0000022376d10540  234       3       java.io.RandomAccessFile::read (8 bytes)
Event: 0.467 Thread 0x0000022376d10540 nmethod 234 0x000002235eb2d090 code [0x000002235eb2d220, 0x000002235eb2d358]
Event: 0.467 Thread 0x0000022376d10540  235   !   3       java.io.RandomAccessFile::readBytes (32 bytes)
Event: 0.467 Thread 0x0000022376d10540 nmethod 235 0x000002235eb2d410 code [0x000002235eb2d5c0, 0x000002235eb2d7d0]
Event: 0.467 Thread 0x0000022376d10540  236  s    3       java.io.ByteArrayOutputStream::write (43 bytes)
Event: 0.467 Thread 0x0000022376d10540 nmethod 236 0x000002235eb2d910 code [0x000002235eb2dae0, 0x000002235eb2df88]
Event: 0.467 Thread 0x0000022376d10540  237       3       java.io.ByteArrayOutputStream::ensureCapacity (32 bytes)
Event: 0.468 Thread 0x0000022376d10540 nmethod 237 0x000002235eb2e190 code [0x000002235eb2e340, 0x000002235eb2e6f0]
Event: 0.469 Thread 0x0000022376d10540  238       1       java.util.jar.Attributes$Name::hashCode (5 bytes)
Event: 0.469 Thread 0x0000022376d10540 nmethod 238 0x00000223665d2410 code [0x00000223665d2580, 0x00000223665d2648]
Event: 0.469 Thread 0x0000022376d10540  239       3       java.lang.String::<init> (22 bytes)
Event: 0.469 Thread 0x0000022376d10540 nmethod 239 0x000002235eb2e890 code [0x000002235eb2ea60, 0x000002235eb2eec8]
Event: 0.469 Thread 0x0000022376d10540  240   !   3       java.lang.String::<init> (893 bytes)

GC Heap History (0 events):
No events

Dll operation events (7 events):
Event: 0.018 Loaded shared library C:\Program Files\JAVA\jdk-20\bin\java.dll
Event: 0.057 Loaded shared library C:\Program Files\JAVA\jdk-20\bin\jsvml.dll
Event: 0.388 Loaded shared library C:\Program Files\JAVA\jdk-20\bin\zip.dll
Event: 0.392 Loaded shared library C:\Program Files\JAVA\jdk-20\bin\instrument.dll
Event: 0.402 Loaded shared library C:\Program Files\JAVA\jdk-20\bin\net.dll
Event: 0.405 Loaded shared library C:\Program Files\JAVA\jdk-20\bin\nio.dll
Event: 0.410 Loaded shared library C:\Program Files\JAVA\jdk-20\bin\zip.dll

Deoptimization events (16 events):
Event: 0.431 Thread 0x0000022356a36780 Uncommon trap: trap_request=0xffffffde fr.pc=0x00000223665ce78c relative=0x000000000000098c
Event: 0.431 Thread 0x0000022356a36780 Uncommon trap: reason=class_check action=maybe_recompile pc=0x00000223665ce78c method=java.util.HashMap.putVal(ILjava/lang/Object;Ljava/lang/Object;ZZ)Ljava/lang/Object; @ 152 c2
Event: 0.431 Thread 0x0000022356a36780 DEOPT PACKING pc=0x00000223665ce78c sp=0x00000044f4efe1e0
Event: 0.431 Thread 0x0000022356a36780 DEOPT UNPACKING pc=0x0000022366089d22 sp=0x00000044f4efe170 mode 2
Event: 0.431 Thread 0x0000022356a36780 Uncommon trap: trap_request=0xffffffde fr.pc=0x00000223665ce78c relative=0x000000000000098c
Event: 0.431 Thread 0x0000022356a36780 Uncommon trap: reason=class_check action=maybe_recompile pc=0x00000223665ce78c method=java.util.HashMap.putVal(ILjava/lang/Object;Ljava/lang/Object;ZZ)Ljava/lang/Object; @ 152 c2
Event: 0.431 Thread 0x0000022356a36780 DEOPT PACKING pc=0x00000223665ce78c sp=0x00000044f4efe1e0
Event: 0.431 Thread 0x0000022356a36780 DEOPT UNPACKING pc=0x0000022366089d22 sp=0x00000044f4efe170 mode 2
Event: 0.431 Thread 0x0000022356a36780 Uncommon trap: trap_request=0xffffffde fr.pc=0x00000223665ce78c relative=0x000000000000098c
Event: 0.431 Thread 0x0000022356a36780 Uncommon trap: reason=class_check action=maybe_recompile pc=0x00000223665ce78c method=java.util.HashMap.putVal(ILjava/lang/Object;Ljava/lang/Object;ZZ)Ljava/lang/Object; @ 152 c2
Event: 0.431 Thread 0x0000022356a36780 DEOPT PACKING pc=0x00000223665ce78c sp=0x00000044f4efe1e0
Event: 0.431 Thread 0x0000022356a36780 DEOPT UNPACKING pc=0x0000022366089d22 sp=0x00000044f4efe170 mode 2
Event: 0.434 Thread 0x0000022356a36780 Uncommon trap: trap_request=0xffffffde fr.pc=0x00000223665ce78c relative=0x000000000000098c
Event: 0.434 Thread 0x0000022356a36780 Uncommon trap: reason=class_check action=maybe_recompile pc=0x00000223665ce78c method=java.util.HashMap.putVal(ILjava/lang/Object;Ljava/lang/Object;ZZ)Ljava/lang/Object; @ 152 c2
Event: 0.434 Thread 0x0000022356a36780 DEOPT PACKING pc=0x00000223665ce78c sp=0x00000044f4efe1e0
Event: 0.434 Thread 0x0000022356a36780 DEOPT UNPACKING pc=0x0000022366089d22 sp=0x00000044f4efe170 mode 2

Classes loaded (14 events):
Event: 0.097 Loading class sun/nio/cs/UTF_8$Encoder
Event: 0.098 Loading class sun/nio/cs/UTF_8$Encoder done
Event: 0.365 Loading class jdk/internal/module/ModuleReferenceImpl$CachedHash
Event: 0.365 Loading class jdk/internal/module/ModuleReferenceImpl$CachedHash done
Event: 0.390 Loading class sun/instrument/InstrumentationImpl
Event: 0.390 Loading class java/lang/instrument/Instrumentation
Event: 0.390 Loading class java/lang/instrument/Instrumentation done
Event: 0.390 Loading class sun/instrument/InstrumentationImpl done
Event: 0.392 Loading class sun/instrument/TransformerManager
Event: 0.392 Loading class sun/instrument/TransformerManager done
Event: 0.392 Loading class sun/instrument/TransformerManager$TransformerInfo
Event: 0.392 Loading class sun/instrument/TransformerManager$TransformerInfo done
Event: 0.393 Loading class jdk/internal/loader/URLClassPath$FileLoader
Event: 0.393 Loading class jdk/internal/loader/URLClassPath$FileLoader done

Classes unloaded (0 events):
No events

Classes redefined (0 events):
No events

Internal exceptions (0 events):
No events

VM Operations (2 events):
Event: 0.361 Executing VM operation: HandshakeAllThreads
Event: 0.361 Executing VM operation: HandshakeAllThreads done

Events (10 events):
Event: 0.058 Thread 0x0000022356a36780 Thread added: 0x0000022356a36780
Event: 0.105 Thread 0x0000022372b473b0 Thread added: 0x0000022372b473b0
Event: 0.106 Thread 0x0000022372b4b270 Thread added: 0x0000022372b4b270
Event: 0.106 Thread 0x0000022372b4c010 Thread added: 0x0000022372b4c010
Event: 0.106 Thread 0x0000022372b4d960 Thread added: 0x0000022372b4d960
Event: 0.106 Thread 0x0000022372b4e2a0 Thread added: 0x0000022372b4e2a0
Event: 0.107 Thread 0x0000022372b4ebe0 Thread added: 0x0000022372b4ebe0
Event: 0.107 Thread 0x0000022372b4f850 Thread added: 0x0000022372b4f850
Event: 0.132 Thread 0x0000022376d10540 Thread added: 0x0000022376d10540
Event: 0.306 Thread 0x0000022376dbc2c0 Thread added: 0x0000022376dbc2c0


Dynamic libraries:
0x00007ff6edc00000 - 0x00007ff6edc10000 	C:\Program Files\JAVA\jdk-20\bin\java.exe
0x00007ffe87ac0000 - 0x00007ffe87cc9000 	C:\Windows\SYSTEM32\ntdll.dll
0x00007ffe86150000 - 0x00007ffe8620d000 	C:\Windows\System32\KERNEL32.DLL
0x00007ffe853f0000 - 0x00007ffe85774000 	C:\Windows\System32\KERNELBASE.dll
0x00007ffe84f50000 - 0x00007ffe85061000 	C:\Windows\System32\ucrtbase.dll
0x00007ffe68030000 - 0x00007ffe68049000 	C:\Program Files\JAVA\jdk-20\bin\jli.dll
0x00007ffe87800000 - 0x00007ffe878ae000 	C:\Windows\System32\ADVAPI32.dll
0x00007ffe865b0000 - 0x00007ffe86653000 	C:\Windows\System32\msvcrt.dll
0x00007ffe87760000 - 0x00007ffe877fe000 	C:\Windows\System32\sechost.dll
0x00007ffe878b0000 - 0x00007ffe879d1000 	C:\Windows\System32\RPCRT4.dll
0x00007ffe85e10000 - 0x00007ffe85fbd000 	C:\Windows\System32\USER32.dll
0x00007ffe851e0000 - 0x00007ffe85206000 	C:\Windows\System32\win32u.dll
0x00007ffe85990000 - 0x00007ffe859ba000 	C:\Windows\System32\GDI32.dll
0x00007ffe85780000 - 0x00007ffe8589e000 	C:\Windows\System32\gdi32full.dll
0x00007ffe85210000 - 0x00007ffe852ad000 	C:\Windows\System32\msvcp_win.dll
0x00007ffe67e80000 - 0x00007ffe67e9b000 	C:\Program Files\JAVA\jdk-20\bin\VCRUNTIME140.dll
0x00007ffe759b0000 - 0x00007ffe75c55000 	C:\Windows\WinSxS\amd64_microsoft.windows.common-controls_6595b64144ccf1df_6.0.22000.120_none_9d947278b86cc467\COMCTL32.dll
0x00007ffe7e040000 - 0x00007ffe7e04a000 	C:\Windows\SYSTEM32\VERSION.dll
0x00007ffe85dd0000 - 0x00007ffe85e01000 	C:\Windows\System32\IMM32.DLL
0x00007ffe7a570000 - 0x00007ffe7a57c000 	C:\Program Files\JAVA\jdk-20\bin\vcruntime140_1.dll
0x00007ffe5df00000 - 0x00007ffe5df8e000 	C:\Program Files\JAVA\jdk-20\bin\msvcp140.dll
0x00007ffe38c30000 - 0x00007ffe398c7000 	C:\Program Files\JAVA\jdk-20\bin\server\jvm.dll
0x00007ffe714e0000 - 0x00007ffe714e9000 	C:\Windows\SYSTEM32\WSOCK32.dll
0x00007ffe859c0000 - 0x00007ffe85a2f000 	C:\Windows\System32\WS2_32.dll
0x00007ffe7fb00000 - 0x00007ffe7fb33000 	C:\Windows\SYSTEM32\WINMM.dll
0x00007ffe840b0000 - 0x00007ffe840c8000 	C:\Windows\SYSTEM32\kernel.appcore.dll
0x00007ffe67030000 - 0x00007ffe6703a000 	C:\Program Files\JAVA\jdk-20\bin\jimage.dll
0x00007ffe82c60000 - 0x00007ffe82e81000 	C:\Windows\SYSTEM32\DBGHELP.DLL
0x00007ffe6ff40000 - 0x00007ffe6ff71000 	C:\Windows\SYSTEM32\dbgcore.DLL
0x00007ffe852b0000 - 0x00007ffe8532f000 	C:\Windows\System32\bcryptPrimitives.dll
0x00007ffe7d6c0000 - 0x00007ffe7d6ce000 	C:\Program Files\JAVA\jdk-20\bin\instrument.dll
0x00007ffe66af0000 - 0x00007ffe66b16000 	C:\Program Files\JAVA\jdk-20\bin\java.dll
0x00007ffe56110000 - 0x00007ffe561e7000 	C:\Program Files\JAVA\jdk-20\bin\jsvml.dll
0x00007ffe868a0000 - 0x00007ffe87065000 	C:\Windows\System32\SHELL32.dll
0x00007ffe83020000 - 0x00007ffe83882000 	C:\Windows\SYSTEM32\windows.storage.dll
0x00007ffe86230000 - 0x00007ffe865a6000 	C:\Windows\System32\combase.dll
0x00007ffe82eb0000 - 0x00007ffe83017000 	C:\Windows\SYSTEM32\wintypes.dll
0x00007ffe85a30000 - 0x00007ffe85b1a000 	C:\Windows\System32\SHCORE.dll
0x00007ffe86840000 - 0x00007ffe8689d000 	C:\Windows\System32\shlwapi.dll
0x00007ffe84e80000 - 0x00007ffe84ea5000 	C:\Windows\SYSTEM32\profapi.dll
0x00007ffe65e30000 - 0x00007ffe65e48000 	C:\Program Files\JAVA\jdk-20\bin\zip.dll
0x00007ffe67010000 - 0x00007ffe67023000 	C:\Program Files\JAVA\jdk-20\bin\net.dll
0x00007ffe7ff90000 - 0x00007ffe800a4000 	C:\Windows\SYSTEM32\WINHTTP.dll
0x00007ffe84560000 - 0x00007ffe845c7000 	C:\Windows\system32\mswsock.dll
0x00007ffe66a10000 - 0x00007ffe66a26000 	C:\Program Files\JAVA\jdk-20\bin\nio.dll

dbghelp: loaded successfully - version: 4.0.5 - missing functions: none
symbol engine: initialized successfully - sym options: 0x614 - pdb path: .;C:\Program Files\JAVA\jdk-20\bin;C:\Windows\SYSTEM32;C:\Windows\WinSxS\amd64_microsoft.windows.common-controls_6595b64144ccf1df_6.0.22000.120_none_9d947278b86cc467;C:\Program Files\JAVA\jdk-20\bin\server

VM Arguments:
jvm_args: -javaagent:C:\Users\BENTIL\Downloads\Intellij\lib\idea_rt.jar=55367:C:\Users\BENTIL\Downloads\Intellij\bin -Dfile.encoding=UTF-8 -Dsun.stdout.encoding=UTF-8 -Dsun.stderr.encoding=UTF-8 
java_command: com.StudentMSystem.StudentMSystemApplication
java_class_path (initial): C:\Users\BENTIL\Downloads\StudentMSystem\target\classes;C:\Users\BENTIL\.m2\repository\org\springframework\boot\spring-boot-starter-data-mongodb\3.2.3\spring-boot-starter-data-mongodb-3.2.3.jar;C:\Users\BENTIL\.m2\repository\org\springframework\boot\spring-boot-starter\3.2.3\spring-boot-starter-3.2.3.jar;C:\Users\BENTIL\.m2\repository\org\springframework\boot\spring-boot-starter-logging\3.2.3\spring-boot-starter-logging-3.2.3.jar;C:\Users\BENTIL\.m2\repository\ch\qos\logback\logback-classic\1.4.14\logback-classic-1.4.14.jar;C:\Users\BENTIL\.m2\repository\ch\qos\logback\logback-core\1.4.14\logback-core-1.4.14.jar;C:\Users\BENTIL\.m2\repository\org\apache\logging\log4j\log4j-to-slf4j\2.21.1\log4j-to-slf4j-2.21.1.jar;C:\Users\BENTIL\.m2\repository\org\apache\logging\log4j\log4j-api\2.21.1\log4j-api-2.21.1.jar;C:\Users\BENTIL\.m2\repository\org\slf4j\jul-to-slf4j\2.0.12\jul-to-slf4j-2.0.12.jar;C:\Users\BENTIL\.m2\repository\jakarta\annotation\jakarta.annotation-api\2.1.1\jakarta.annotation-api-2.1.1.jar;C:\Users\BENTIL\.m2\repository\org\yaml\snakeyaml\2.2\snakeyaml-2.2.jar;C:\Users\BENTIL\.m2\repository\org\mongodb\mongodb-driver-sync\4.11.1\mongodb-driver-sync-4.11.1.jar;C:\Users\BENTIL\.m2\repository\org\mongodb\bson\4.11.1\bson-4.11.1.jar;C:\Users\BENTIL\.m2\repository\org\mongodb\mongodb-driver-core\4.11.1\mongodb-driver-core-4.11.1.jar;C:\Users\BENTIL\.m2\repository\org\mongodb\bson-record-codec\4.11.1\bson-record-codec-4.11.1.jar;C:\Users\BENTIL\.m2\repository\org\springframework\data\spring-data-mongodb\4.2.3\spring-data-mongodb-4.2.3.jar;C:\Users\BENTIL\.m2\repository\org\springframework\spring-tx\6.1.4\spring-tx-6.1.4.jar;C:\Users\BENTIL\.m2\repository\org\springframework\spring-context\6.1.4\spring-context-6.1.4.jar;C:\Users\BENTIL\.m2\repository\org\springframework\spring-beans\6.1.4\spring-beans-6.1.4.jar;C:\Users\BENTIL\.m2\repository\org\springframework\spring-expression\6.1.4\spring-expression-6.1.4.jar;C:\Users\BENTIL\.m2\repository\org\springframework\data\spring-data-commons\3.2.3\spring-data-commons-3.2.3.jar;C:\Users\BENTIL\.m2\repository\org\slf4j\slf4j-api\2.0.12\slf4j-api-2.0.12.jar;C:\Users\BENTIL\.m2\repository\org\springframework\boot\spring-boot-starter-web\3.2.3\spring-boot-starter-web-3.2.3.jar;C:\Users\BENTIL\.m2\repository\org\springframework\boot\spring-boot-starter-json\3.2.3\spring-boot-starter-json-3.2.3.jar;C:\Users\BENTIL\.m2\repository\com\fasterxml\jackson\core\jackson-databind\2.15.4\jackson-databind-2.15.4.jar;C:\Users\BENTIL\.m2\repository\com\fasterxml\jackson\core\jackson-annotations\2.15.4\jackson-annotations-2.15.4.jar;C:\Users\BENTIL\.m2\repository\com\fasterxml\jackson\core\jackson-core\2.15.4\jackson-core-2.15.4.jar;C:\Users\BENTIL\.m2\repository\com\fasterxml\jackson\datatype\jackson-datatype-jdk8\2.15.4\jackson-datatype-jdk8-2.15.4.jar;C:\Users\BENTIL\.m2\repository\com\fasterxml\jackson\datatype\jackson-datatype-jsr310\2.15.4\jackson-datatype-jsr310-2.15.4.jar;C:\Users\BENTIL\.m2\repository\com\fasterxml\jackson\module\jackson-module-parameter-names\2.15.4\jackson-module-parameter-names-2.15.4.jar;C:\Users\BENTIL\.m2\repository\org\springframework\boot\spring-boot-starter-tomcat\3.2.3\spring-boot-starter-tomcat-3.2.3.jar;C:\Users\BENTIL\.m2\repository\org\apache\tomcat\embed\tomcat-embed-core\10.1.19\tomcat-embed-core-10.1.19.jar;C:\Users\BENTIL\.m2\repository\org\apache\tomcat\embed\tomcat-embed-el\10.1.19\tomcat-embed-el-10.1.19.jar;C:\Users\BENTIL\.m2\repository\org\apache\tomcat\embed\tomcat-embed-websocket\10.1.19\tomcat-embed-websocket-10.1.19.jar;C:\Users\BENTIL\.m2\repository\org\springframework\spring-web\6.1.4\spring-web-6.1.4.jar;C:\Users\BENTIL\.m2\repository\io\micrometer\micrometer-observation\1.12.3\micrometer-observation-1.12.3.jar;C:\Users\BENTIL\.m2\repository\io\micrometer\micrometer-commons\1.12.3\micrometer-commons-1.12.3.jar;C:\Users\BENTIL\.m2\repository\org\springframework\spring-webmvc\6.1.4\spring-webmvc-6.1.4.jar;C:\Users\BENTIL\.m2\repository\org\springframework\spring-aop\6.1.4\spring-aop-6.1.4.jar;C:\Users\BENTIL\.m2\repository\org\springframework\spring-core\6.1.4\spring-core-6.1.4.jar;C:\Users\BENTIL\.m2\repository\org\springframework\spring-jcl\6.1.4\spring-jcl-6.1.4.jar;C:\Users\BENTIL\.m2\repository\org\springframework\boot\spring-boot-devtools\3.2.1\spring-boot-devtools-3.2.1.jar;C:\Users\BENTIL\.m2\repository\org\springframework\boot\spring-boot\3.2.3\spring-boot-3.2.3.jar;C:\Users\BENTIL\.m2\repository\org\springframework\boot\spring-boot-autoconfigure\3.2.3\spring-boot-autoconfigure-3.2.3.jar;C:\Users\BENTIL\.m2\repository\org\projectlombok\lombok\1.18.30\lombok-1.18.30.jar;C:\Users\BENTIL\.m2\repository\org\springframework\boot\spring-boot-starter-thymeleaf\3.2.2\spring-boot-starter-thymeleaf-3.2.2.jar;C:\Users\BENTIL\.m2\repository\org\thymeleaf\thymeleaf-spring6\3.1.2.RELEASE\thymeleaf-spring6-3.1.2.RELEASE.jar;C:\Users\BENTIL\.m2\repository\org\thymeleaf\thymeleaf\3.1.2.RELEASE\thymeleaf-3.1.2.RELEASE.jar;C:\Users\BENTIL\.m2\repository\org\attoparser\attoparser\2.0.7.RELEASE\attoparser-2.0.7.RELEASE.jar;C:\Users\BENTIL\.m2\repository\org\unbescape\unbescape\1.1.6.RELEASE\unbescape-1.1.6.RELEASE.jar
Launcher Type: SUN_STANDARD

[Global flags]
     intx CICompilerCount                          = 3                                         {product} {ergonomic}
     uint ConcGCThreads                            = 1                                         {product} {ergonomic}
     uint G1ConcRefinementThreads                  = 4                                         {product} {ergonomic}
   size_t G1HeapRegionSize                         = 1048576                                   {product} {ergonomic}
    uintx GCDrainStackTargetSize                   = 64                                        {product} {ergonomic}
   size_t InitialHeapSize                          = 134217728                                 {product} {ergonomic}
   size_t MarkStackSize                            = 4194304                                   {product} {ergonomic}
   size_t MaxHeapSize                              = 2118123520                                {product} {ergonomic}
   size_t MaxNewSize                               = 1270874112                                {product} {ergonomic}
   size_t MinHeapDeltaBytes                        = 1048576                                   {product} {ergonomic}
   size_t MinHeapSize                              = 8388608                                   {product} {ergonomic}
    uintx NonNMethodCodeHeapSize                   = 5832780                                {pd product} {ergonomic}
    uintx NonProfiledCodeHeapSize                  = 122912730                              {pd product} {ergonomic}
    uintx ProfiledCodeHeapSize                     = 122912730                              {pd product} {ergonomic}
    uintx ReservedCodeCacheSize                    = 251658240                              {pd product} {ergonomic}
     bool SegmentedCodeCache                       = true                                      {product} {ergonomic}
   size_t SoftMaxHeapSize                          = 2118123520                             {manageable} {ergonomic}
     bool UseCompressedClassPointers               = true                           {product lp64_product} {ergonomic}
     bool UseCompressedOops                        = true                           {product lp64_product} {ergonomic}
     bool UseG1GC                                  = true                                      {product} {ergonomic}
     bool UseLargePagesIndividualAllocation        = false                                  {pd product} {ergonomic}

Logging:
Log output configuration:
 #0: stdout all=warning uptime,level,tags foldmultilines=false
 #1: stderr all=off uptime,level,tags foldmultilines=false

Environment Variables:
JAVA_HOME=C:\Program Files\JAVA\jdk-20
PATH=C:\Python312\Scripts\;C:\Python312\;C:\Program Files\Common Files\Oracle\Java\javapath;C:\oraclexe\app\oracle\product\11.2.0\server\bin;C:\oracle_21c\WINDOWS.X64_213000_db_home\bin;C:\Program Files\Microsoft\jdk-11.0.12.7-hotspot\bin;C:\Users\BENTIL\Downloads\WINDOWS.X64_193000_db_home\bin;C:\Windows\system32;C:\Windows;C:\Windows\System32\Wbem;C:\Windows\System32\WindowsPowerShell\v1.0\;C:\Windows\System32\OpenSSH\;C:\Program Files (x86)\NVIDIA Corporation\PhysX\Common;C:\Program Files\NVIDIA Corporation\NVIDIA NvDLISR;C:\Program Files\JAVA\jdk-19\bin;C:\Program Files (x86)\Skype\Phone\;C:\Program Files\Microsoft VS Code\bin;C:\Program Files\Microsoft SQL Server\150\Tools\Binn\;C:\Program Files\Microsoft SQL Server\Client SDK\ODBC\170\Tools\Binn\;C:\Program Files\dotnet\;C:\Program Files\JAVA\jdk-20\bin;C:\Program Files\Git\cmd;C:\Program Files\nodejs\;C:\ProgramData\chocolatey\bin;C:\Users\BENTIL\AppData\Local\Programs\Python\Python311\Scripts\;C:\Users\BENTIL\AppData\Local\Programs\Python\Python311\;C:\Program Files\MySQL\MySQL Shell 8.0\bin\;C:\Users\BENTIL\AppData\Local\Microsoft\WindowsApps;C:\Program Files\JetBrains\IntelliJ IDEA 2019.3.1\bin;C:\Program Files (x86)\Brackets\;C:\Users\BENTIL\AppData\Local\atom\bin;C:\Users\BENTIL\.dotnet\tools;C:\Program Files\JAVA\jdk-20\bin;C:\Users\BENTIL\AppData\Local\GitHubDesktop\bin;C:\xampp\php;;C:\Program Files\JetBrains\WebStorm 2022.3.2\bin;;C:\Program Files\JetBrains\PyCharm Community Edition 2022.3\bin;;C:\Users\BENTIL\AppData\Roaming\npm;C:\Program Files\mongosh\
USERNAME=BENTIL
OS=Windows_NT
PROCESSOR_IDENTIFIER=Intel64 Family 6 Model 142 Stepping 9, GenuineIntel
TMP=C:\Users\BENTIL\AppData\Local\Temp
TEMP=C:\Users\BENTIL\AppData\Local\Temp




---------------  S Y S T E M  ---------------

OS:
 Windows 11 , 64 bit Build 22000 (10.0.22000.2538)
OS uptime: 0 days 1:48 hours

CPU: total 4 (initial active 4) (2 cores per cpu, 2 threads per core) family 6 model 142 stepping 9 microcode 0xde, cx8, cmov, fxsr, ht, mmx, 3dnowpref, sse, sse2, sse3, ssse3, sse4.1, sse4.2, popcnt, lzcnt, tsc, tscinvbit, avx, avx2, aes, erms, clmul, bmi1, bmi2, adx, fma, vzeroupper, clflush, clflushopt, rdtscp, f16c

Memory: 4k page, system-wide physical 8077M (346M free)
TotalPageFile size 15407M (AvailPageFile size 186M)
current process WorkingSet (physical memory assigned to process): 35M, peak: 35M
current process commit charge ("private bytes"): 203M, peak: 203M

vm_info: Java HotSpot(TM) 64-Bit Server VM (20.0.1+9-29) for windows-amd64 JRE (20.0.1+9-29), built on 2023-03-07T13:56:11Z by "mach5one" with MS VC++ 17.1 (VS2022)

END.
